<?xml version="1.0" encoding="UTF-8"?>
<!-- Generated by org.testng.reporters.JUnitReportReporter -->
<testsuite hostname="Navichinna" failures="0" tests="1" name="com.ninja.qa.TestPage.TestProductPage" time="7.810" errors="0" timestamp="2023-10-11T17:35:56 IST" skipped="0">
  <testcase classname="com.ninja.qa.TestPage.TestProductPage" name="testproduct_addtocart" time="7.810"/>
  <system-out/>
</testsuite> <!-- com.ninja.qa.TestPage.TestProductPage -->
