<?xml version="1.0" encoding="UTF-8"?>
<!-- Generated by org.testng.reporters.JUnitReportReporter -->
<testsuite hostname="Navichinna" failures="0" tests="2" name="com.ninja.qa.TestPage.TestRegisterPage" time="15.726" errors="0" timestamp="2023-10-11T17:35:56 IST" skipped="0">
  <testcase classname="com.ninja.qa.TestPage.TestRegisterPage" name="testregisterUser" time="6.800"/>
  <system-out/>
  <testcase classname="com.ninja.qa.TestPage.TestRegisterPage" name="testregisterUser" time="8.926"/>
  <system-out/>
</testsuite> <!-- com.ninja.qa.TestPage.TestRegisterPage -->
