<?xml version="1.0" encoding="UTF-8"?>
<!-- Generated by org.testng.reporters.JUnitReportReporter -->
<testsuite hostname="Navichinna" failures="0" tests="1" name="com.ninja.qa.TestPage.TestSearchPage" time="6.746" errors="0" timestamp="2023-10-11T15:28:42 IST" skipped="0">
  <testcase classname="com.ninja.qa.TestPage.TestSearchPage" name="searchProduct" time="6.746"/>
  <system-out/>
</testsuite> <!-- com.ninja.qa.TestPage.TestSearchPage -->
