<?xml version="1.0" encoding="UTF-8"?>
<!-- Generated by org.testng.reporters.JUnitReportReporter -->
<testsuite hostname="Navichinna" failures="0" tests="4" name="com.ninja.qa.TestPage.Hometestpage" time="16.057" errors="0" timestamp="2023-10-11T15:22:50 IST" skipped="0">
  <testcase classname="com.ninja.qa.TestPage.Hometestpage" name="testTitle" time="4.272"/>
  <system-out/>
  <testcase classname="com.ninja.qa.TestPage.Hometestpage" name="testRegisterLink" time="3.285"/>
  <system-out/>
  <testcase classname="com.ninja.qa.TestPage.Hometestpage" name="testLoginLink" time="3.115"/>
  <system-out/>
  <testcase classname="com.ninja.qa.TestPage.Hometestpage" name="testMacLink" time="5.385"/>
  <system-out/>
</testsuite> <!-- com.ninja.qa.TestPage.Hometestpage -->
